<?xml version="1.0" encoding="UTF-8"?>
<testsuite name="org.example.StudentTest" tests="14" skipped="0" failures="0" errors="0" timestamp="2023-03-07T17:20:06" hostname="rko-10" time="0.429">
  <properties/>
  <testcase name="viewRecord()" classname="org.example.StudentTest" time="0.039"/>
  <testcase name="courseDone()" classname="org.example.StudentTest" time="0.015"/>
  <testcase name="viewRegCourse()" classname="org.example.StudentTest" time="0.033"/>
  <testcase name="studentdep()" classname="org.example.StudentTest" time="0.001"/>
  <testcase name="catalogView()" classname="org.example.StudentTest" time="0.042"/>
  <testcase name="registerCourse()" classname="org.example.StudentTest" time="0.032"/>
  <testcase name="prevCreds()" classname="org.example.StudentTest" time="0.034"/>
  <testcase name="courseRegistered()" classname="org.example.StudentTest" time="0.011"/>
  <testcase name="creditlimit()" classname="org.example.StudentTest" time="0.022"/>
  <testcase name="getCgpa()" classname="org.example.StudentTest" time="0.033"/>
  <testcase name="courseOffered()" classname="org.example.StudentTest" time="0.017"/>
  <testcase name="dropCourse()" classname="org.example.StudentTest" time="0.049"/>
  <testcase name="credRegis()" classname="org.example.StudentTest" time="0.045"/>
  <testcase name="courseOfferView()" classname="org.example.StudentTest" time="0.045"/>
  <system-out><![CDATA[CourseID: CS101 Grade: 8 Credit: 3.0 (1-2020) [ Program Core ]
CourseID: CS201 Grade: 8 Credit: 3.0 (1-2020) [ Program Elective ]
CourseID: CS301 Grade: 8 Credit: 3.0 (1-2020) [ BTP ]
CourseID: FS101 Credit: 3.5[  Program Core ]
CourseID: FS102 Credit: 3.5[  BTP ]
CourseID: FS103 Credit: 3.5[  Program Elective ]
1 CourseId: TS101 Name: Softie1 L-T-P: 3-1-3 Total Credits: 1.5
2 CourseId: TS102 Name: Softie2 L-T-P: 3-1-3 Total Credits: 2.5
3 CourseId: TS103 Name: Softie3 L-T-P: 3-1-3 Total Credits: 3.5
4 CourseId: TS104 Name: Softie4 L-T-P: 3-1-3 Total Credits: 4.5
5 CourseId: TS105 Name: Softie5 L-T-P: 3-1-3 Total Credits: 5.5
6 CourseId: TS106 Name: Softie6 L-T-P: 3-1-3 Total Credits: 6.0
7 CourseId: CS101 Name: 101 L-T-P: 3-2-1 Total Credits: 1.5
8 CourseId: CS102 Name: 102 L-T-P: 3-3-1 Total Credits: 3.5
Course can't be registered.
false
Course Registered..
true
Course can't be dropped.
103) ID: FS101 Name: FS Offered by ABC
1-2020CGPA Req: eligibleProgram Core for CSE
Course Structure: 3-4-4-1.0

]]></system-out>
  <system-err><![CDATA[]]></system-err>
</testsuite>
